<?xml version="1.0" encoding="UTF-8"?>
<!-- Generated by org.testng.reporters.JUnitReportReporter -->
<testsuite hostname="chandan" failures="0" tests="1" name="jdbcProject.DatabaseConnectivity" time="1.247" errors="0" timestamp="20 Sep 2022 10:23:33 GMT" skipped="0">
  <testcase classname="jdbcProject.DatabaseConnectivity" name="dbScript" time="1.247"/>
</testsuite> <!-- jdbcProject.DatabaseConnectivity -->
